# JRE version: Java(TM) SE Runtime Environment (21.0.7+8) (build 21.0.7+8-LTS-245)
# Java VM: Java HotSpot(TM) 64-Bit Server VM (21.0.7+8-LTS-245, mixed mode, sharing, tiered, compressed oops, compressed class ptrs, g1 gc, windows-amd64)
GC Precious Log:
 CardTable entry size: 512
 Card Set container configuration: InlinePtr #cards 4 size 8 Array Of Cards #cards 64 size 144 Howl #buckets 8 coarsen threshold 14745 Howl Bitmap #cards 2048 size 272 coarsen threshold 1843 Card regions per heap region 1 cards per card region 16384
 CPUs: 12 total, 12 available
 Memory: 16068M
 Large Page Support: Disabled
 NUMA Support: Disabled
 Compressed Oops: Enabled (Zero based)
 Heap Region Size: 8M
 Heap Min Capacity: 768M
 Heap Initial Capacity: 768M
 Heap Max Capacity: 10488M
 Pre-touch: Disabled
 Parallel Workers: 10
 Concurrent Workers: 3
 Concurrent Refinement Workers: 10
 Periodic GC: Disabled
Heap:
 garbage-first heap   total 786432K, used 31875K [0x0000000570800000, 0x0000000800000000)
  region size 8192K, 1 young (8192K), 1 survivors (8192K)
 Metaspace       used 35369K, committed 36416K, reserved 1114112K
  class space    used 4815K, committed 5376K, reserved 1048576K
GC Heap History (13 events):
Event: 3.279 GC heap before
{Heap before GC invocations=0 (full 0):
 garbage-first heap   total 786432K, used 24576K [0x0000000570800000, 0x0000000800000000)
  region size 8192K, 4 young (32768K), 0 survivors (0K)
 Metaspace       used 1176K, committed 1280K, reserved 1114112K
  class space    used 77K, committed 128K, reserved 1048576K
}
Event: 3.324 GC heap after
{Heap after GC invocations=1 (full 0):
 garbage-first heap   total 786432K, used 6044K [0x0000000570800000, 0x0000000800000000)
  region size 8192K, 1 young (8192K), 1 survivors (8192K)
 Metaspace       used 1176K, committed 1280K, reserved 1114112K
  class space    used 77K, committed 128K, reserved 1048576K
}
Event: 8.405 GC heap before
{Heap before GC invocations=1 (full 0):
 garbage-first heap   total 786432K, used 38812K [0x0000000570800000, 0x0000000800000000)
  region size 8192K, 5 young (40960K), 1 survivors (8192K)
 Metaspace       used 4390K, committed 4608K, reserved 1114112K
  class space    used 540K, committed 640K, reserved 1048576K
}
Event: 8.415 GC heap after
{Heap after GC invocations=2 (full 0):
 garbage-first heap   total 786432K, used 11094K [0x0000000570800000, 0x0000000800000000)
  region size 8192K, 1 young (8192K), 1 survivors (8192K)
 Metaspace       used 4390K, committed 4608K, reserved 1114112K
  class space    used 540K, committed 640K, reserved 1048576K
}
Event: 23.009 GC heap before
{Heap before GC invocations=2 (full 0):
 garbage-first heap   total 786432K, used 68438K [0x0000000570800000, 0x0000000800000000)
  region size 8192K, 8 young (65536K), 1 survivors (8192K)
 Metaspace       used 6387K, committed 6656K, reserved 1114112K
  class space    used 830K, committed 960K, reserved 1048576K
}
Event: 23.017 GC heap after
{Heap after GC invocations=3 (full 0):
 garbage-first heap   total 786432K, used 19480K [0x0000000570800000, 0x0000000800000000)
  region size 8192K, 1 young (8192K), 1 survivors (8192K)
 Metaspace       used 6387K, committed 6656K, reserved 1114112K
  class space    used 830K, committed 960K, reserved 1048576K
}
Event: 47.540 GC heap before
{Heap before GC invocations=3 (full 0):
 garbage-first heap   total 786432K, used 134168K [0x0000000570800000, 0x0000000800000000)
  region size 8192K, 16 young (131072K), 1 survivors (8192K)
 Metaspace       used 20906K, committed 21504K, reserved 1114112K
  class space    used 2988K, committed 3264K, reserved 1048576K
}
Event: 47.562 GC heap after
{Heap after GC invocations=4 (full 0):
 garbage-first heap   total 786432K, used 25591K [0x0000000570800000, 0x0000000800000000)
  region size 8192K, 2 young (16384K), 2 survivors (16384K)
 Metaspace       used 20906K, committed 21504K, reserved 1114112K
  class space    used 2988K, committed 3264K, reserved 1048576K
}
Event: 183.903 GC heap before
{Heap before GC invocations=5 (full 0):
 garbage-first heap   total 786432K, used 164855K [0x0000000570800000, 0x0000000800000000)
  region size 8192K, 20 young (163840K), 2 survivors (16384K)
 Metaspace       used 35011K, committed 36096K, reserved 1114112K
  class space    used 4784K, committed 5312K, reserved 1048576K
}
Event: 188.050 GC heap after
{Heap after GC invocations=6 (full 0):
 garbage-first heap   total 786432K, used 33988K [0x0000000570800000, 0x0000000800000000)
  region size 8192K, 3 young (24576K), 3 survivors (24576K)
 Metaspace       used 35011K, committed 36096K, reserved 1114112K
  class space    used 4784K, committed 5312K, reserved 1048576K
}
Event: 188.175 GC heap before
{Heap before GC invocations=6 (full 0):
 garbage-first heap   total 786432K, used 33988K [0x0000000570800000, 0x0000000800000000)
  region size 8192K, 4 young (32768K), 3 survivors (24576K)
 Metaspace       used 35012K, committed 36160K, reserved 1114112K
  class space    used 4785K, committed 5376K, reserved 1048576K
}
Event: 188.274 GC heap after
{Heap after GC invocations=7 (full 0):
 garbage-first heap   total 786432K, used 32030K [0x0000000570800000, 0x0000000800000000)
  region size 8192K, 1 young (8192K), 1 survivors (8192K)
 Metaspace       used 35012K, committed 36160K, reserved 1114112K
  class space    used 4785K, committed 5376K, reserved 1048576K
}
Event: 189.604 GC heap before
{Heap before GC invocations=7 (full 0):
 garbage-first heap   total 786432K, used 32030K [0x0000000570800000, 0x0000000800000000)
  region size 8192K, 2 young (16384K), 1 survivors (8192K)
 Metaspace       used 35369K, committed 36416K, reserved 1114112K
  class space    used 4815K, committed 5376K, reserved 1048576K
}

